  ButtonMain.cpp
C:\Users\15280\source\repos\屏幕按键显示\屏幕按键显示\FH.h(468,15): warning C4244: “参数”: 从“double”转换到“int”，可能丢失数据
C:\Users\15280\source\repos\屏幕按键显示\屏幕按键显示\FH.h(468,12): warning C4244: “参数”: 从“double”转换到“int”，可能丢失数据
C:\Users\15280\source\repos\屏幕按键显示\屏幕按键显示\FH.h(469,15): warning C4244: “参数”: 从“double”转换到“int”，可能丢失数据
C:\Users\15280\source\repos\屏幕按键显示\屏幕按键显示\FH.h(469,12): warning C4244: “参数”: 从“double”转换到“int”，可能丢失数据
C:\Users\15280\source\repos\屏幕按键显示\屏幕按键显示\FH.h(473,35): warning C4244: “参数”: 从“double”转换到“int”，可能丢失数据
C:\Users\15280\source\repos\屏幕按键显示\屏幕按键显示\FH.h(473,29): warning C4244: “参数”: 从“double”转换到“int”，可能丢失数据
C:\Users\15280\source\repos\屏幕按键显示\屏幕按键显示\FH.h(473,21): warning C4244: “参数”: 从“double”转换到“int”，可能丢失数据
C:\Users\15280\source\repos\屏幕按键显示\屏幕按键显示\FH.h(473,18): warning C4244: “参数”: 从“double”转换到“int”，可能丢失数据
C:\Users\15280\source\repos\屏幕按键显示\屏幕按键显示\FH.h(473,15): warning C4244: “参数”: 从“double”转换到“int”，可能丢失数据
C:\Users\15280\source\repos\屏幕按键显示\屏幕按键显示\FH.h(473,12): warning C4244: “参数”: 从“double”转换到“int”，可能丢失数据
C:\Users\15280\source\repos\屏幕按键显示\屏幕按键显示\FH.h(474,35): warning C4244: “参数”: 从“double”转换到“int”，可能丢失数据
C:\Users\15280\source\repos\屏幕按键显示\屏幕按键显示\FH.h(474,29): warning C4244: “参数”: 从“double”转换到“int”，可能丢失数据
C:\Users\15280\source\repos\屏幕按键显示\屏幕按键显示\FH.h(474,21): warning C4244: “参数”: 从“double”转换到“int”，可能丢失数据
C:\Users\15280\source\repos\屏幕按键显示\屏幕按键显示\FH.h(474,18): warning C4244: “参数”: 从“double”转换到“int”，可能丢失数据
C:\Users\15280\source\repos\屏幕按键显示\屏幕按键显示\FH.h(474,15): warning C4244: “参数”: 从“double”转换到“int”，可能丢失数据
C:\Users\15280\source\repos\屏幕按键显示\屏幕按键显示\FH.h(474,12): warning C4244: “参数”: 从“double”转换到“int”，可能丢失数据
C:\Users\15280\source\repos\屏幕按键显示\屏幕按键显示\FH.h(582,46): warning C4244: “参数”: 从“double”转换到“int”，可能丢失数据
C:\Users\15280\source\repos\屏幕按键显示\屏幕按键显示\FH.h(582,42): warning C4244: “参数”: 从“double”转换到“int”，可能丢失数据
C:\Users\15280\source\repos\屏幕按键显示\屏幕按键显示\FH.h(593,46): warning C4244: “参数”: 从“double”转换到“int”，可能丢失数据
C:\Users\15280\source\repos\屏幕按键显示\屏幕按键显示\FH.h(593,42): warning C4244: “参数”: 从“double”转换到“int”，可能丢失数据
C:\Users\15280\source\repos\屏幕按键显示\屏幕按键显示\FH.h(604,16): warning C4244: “初始化”: 从“double”转换到“int”，可能丢失数据
C:\Users\15280\source\repos\屏幕按键显示\屏幕按键显示\FH.h(633,16): warning C4244: “初始化”: 从“double”转换到“int”，可能丢失数据
C:\Users\15280\source\repos\屏幕按键显示\屏幕按键显示\ButtonMain.cpp(17,1): warning C4005: “CX”: 宏重定义
C:\Users\15280\source\repos\屏幕按键显示\屏幕按键显示\FH.h(15,1): message : 参见“CX”的前一个定义
C:\Users\15280\source\repos\屏幕按键显示\屏幕按键显示\ButtonMain.cpp(18,1): warning C4005: “CY”: 宏重定义
C:\Users\15280\source\repos\屏幕按键显示\屏幕按键显示\FH.h(16,1): message : 参见“CY”的前一个定义
C:\Users\15280\source\repos\屏幕按键显示\屏幕按键显示\ButtonMain.cpp(23,1): warning C4005: “GetRValue”: 宏重定义
C:\Program Files (x86)\Windows Kits\10\Include\10.0.22621.0\um\wingdi.h(1869,1): message : 参见“GetRValue”的前一个定义
C:\Users\15280\source\repos\屏幕按键显示\屏幕按键显示\ButtonMain.cpp(24,1): warning C4005: “GetGValue”: 宏重定义
C:\Program Files (x86)\Windows Kits\10\Include\10.0.22621.0\um\wingdi.h(1870,1): message : 参见“GetGValue”的前一个定义
C:\Users\15280\source\repos\屏幕按键显示\屏幕按键显示\ButtonMain.cpp(25,1): warning C4005: “GetBValue”: 宏重定义
C:\Program Files (x86)\Windows Kits\10\Include\10.0.22621.0\um\wingdi.h(1871,1): message : 参见“GetBValue”的前一个定义
C:\Users\15280\source\repos\屏幕按键显示\屏幕按键显示\ButtonMain.cpp(83,61): warning C4244: “参数”: 从“double”转换到“int”，可能丢失数据
C:\Users\15280\source\repos\屏幕按键显示\屏幕按键显示\ButtonMain.cpp(83,46): warning C4244: “参数”: 从“double”转换到“int”，可能丢失数据
C:\Users\15280\source\repos\屏幕按键显示\屏幕按键显示\ButtonMain.cpp(83,31): warning C4244: “参数”: 从“double”转换到“int”，可能丢失数据
C:\Users\15280\source\repos\屏幕按键显示\屏幕按键显示\ButtonMain.cpp(83,20): warning C4244: “参数”: 从“double”转换到“int”，可能丢失数据
C:\Users\15280\source\repos\屏幕按键显示\屏幕按键显示\ButtonMain.cpp(85,33): warning C4244: “参数”: 从“double”转换到“int”，可能丢失数据
C:\Users\15280\source\repos\屏幕按键显示\屏幕按键显示\ButtonMain.cpp(85,26): warning C4244: “参数”: 从“double”转换到“int”，可能丢失数据
C:\Users\15280\source\repos\屏幕按键显示\屏幕按键显示\ButtonMain.cpp(85,21): warning C4244: “参数”: 从“double”转换到“int”，可能丢失数据
C:\Users\15280\source\repos\屏幕按键显示\屏幕按键显示\ButtonMain.cpp(85,18): warning C4244: “参数”: 从“double”转换到“int”，可能丢失数据
C:\Users\15280\source\repos\屏幕按键显示\屏幕按键显示\ButtonMain.cpp(383,28): warning C4244: “参数”: 从“double”转换到“int”，可能丢失数据
C:\Users\15280\source\repos\屏幕按键显示\屏幕按键显示\ButtonMain.cpp(391,28): warning C4244: “参数”: 从“double”转换到“int”，可能丢失数据
C:\Users\15280\source\repos\屏幕按键显示\屏幕按键显示\ButtonMain.cpp(433,102): warning C4244: “参数”: 从“double”转换到“int”，可能丢失数据
C:\Users\15280\source\repos\屏幕按键显示\屏幕按键显示\ButtonMain.cpp(433,87): warning C4244: “参数”: 从“double”转换到“int”，可能丢失数据
C:\Users\15280\source\repos\屏幕按键显示\屏幕按键显示\ButtonMain.cpp(433,46): warning C4244: “参数”: 从“double”转换到“int”，可能丢失数据
C:\Users\15280\source\repos\屏幕按键显示\屏幕按键显示\ButtonMain.cpp(433,31): warning C4244: “参数”: 从“double”转换到“int”，可能丢失数据
C:\Users\15280\source\repos\屏幕按键显示\屏幕按键显示\ButtonMain.cpp(435,46): warning C4838: 从“double”转换到“LONG”需要收缩转换
C:\Users\15280\source\repos\屏幕按键显示\屏幕按键显示\ButtonMain.cpp(435,46): warning C4244: “初始化”: 从“double”转换到“LONG”，可能丢失数据
C:\Users\15280\source\repos\屏幕按键显示\屏幕按键显示\ButtonMain.cpp(435,80): warning C4838: 从“double”转换到“LONG”需要收缩转换
C:\Users\15280\source\repos\屏幕按键显示\屏幕按键显示\ButtonMain.cpp(435,80): warning C4244: “初始化”: 从“double”转换到“LONG”，可能丢失数据
C:\Users\15280\source\repos\屏幕按键显示\屏幕按键显示\ButtonMain.cpp(435,108): warning C4838: 从“double”转换到“LONG”需要收缩转换
C:\Users\15280\source\repos\屏幕按键显示\屏幕按键显示\ButtonMain.cpp(435,108): warning C4244: “初始化”: 从“double”转换到“LONG”，可能丢失数据
C:\Users\15280\source\repos\屏幕按键显示\屏幕按键显示\ButtonMain.cpp(435,142): warning C4838: 从“double”转换到“LONG”需要收缩转换
C:\Users\15280\source\repos\屏幕按键显示\屏幕按键显示\ButtonMain.cpp(435,142): warning C4244: “初始化”: 从“double”转换到“LONG”，可能丢失数据
C:\Users\15280\source\repos\屏幕按键显示\屏幕按键显示\ButtonMain.cpp(440,127): warning C4244: “参数”: 从“double”转换到“int”，可能丢失数据
C:\Users\15280\source\repos\屏幕按键显示\屏幕按键显示\ButtonMain.cpp(440,93): warning C4244: “参数”: 从“double”转换到“int”，可能丢失数据
C:\Users\15280\source\repos\屏幕按键显示\屏幕按键显示\ButtonMain.cpp(440,65): warning C4244: “参数”: 从“double”转换到“int”，可能丢失数据
C:\Users\15280\source\repos\屏幕按键显示\屏幕按键显示\ButtonMain.cpp(440,31): warning C4244: “参数”: 从“double”转换到“int”，可能丢失数据
C:\Users\15280\source\repos\屏幕按键显示\屏幕按键显示\ButtonMain.cpp(442,46): warning C4838: 从“double”转换到“LONG”需要收缩转换
C:\Users\15280\source\repos\屏幕按键显示\屏幕按键显示\ButtonMain.cpp(442,46): warning C4244: “初始化”: 从“double”转换到“LONG”，可能丢失数据
C:\Users\15280\source\repos\屏幕按键显示\屏幕按键显示\ButtonMain.cpp(442,86): warning C4838: 从“double”转换到“LONG”需要收缩转换
C:\Users\15280\source\repos\屏幕按键显示\屏幕按键显示\ButtonMain.cpp(442,86): warning C4244: “初始化”: 从“double”转换到“LONG”，可能丢失数据
C:\Users\15280\source\repos\屏幕按键显示\屏幕按键显示\ButtonMain.cpp(442,114): warning C4838: 从“double”转换到“LONG”需要收缩转换
C:\Users\15280\source\repos\屏幕按键显示\屏幕按键显示\ButtonMain.cpp(442,114): warning C4244: “初始化”: 从“double”转换到“LONG”，可能丢失数据
C:\Users\15280\source\repos\屏幕按键显示\屏幕按键显示\ButtonMain.cpp(442,154): warning C4838: 从“double”转换到“LONG”需要收缩转换
C:\Users\15280\source\repos\屏幕按键显示\屏幕按键显示\ButtonMain.cpp(442,154): warning C4244: “初始化”: 从“double”转换到“LONG”，可能丢失数据
C:\Users\15280\source\repos\屏幕按键显示\屏幕按键显示\ButtonMain.cpp(448,127): warning C4244: “参数”: 从“double”转换到“int”，可能丢失数据
C:\Users\15280\source\repos\屏幕按键显示\屏幕按键显示\ButtonMain.cpp(448,93): warning C4244: “参数”: 从“double”转换到“int”，可能丢失数据
C:\Users\15280\source\repos\屏幕按键显示\屏幕按键显示\ButtonMain.cpp(448,65): warning C4244: “参数”: 从“double”转换到“int”，可能丢失数据
C:\Users\15280\source\repos\屏幕按键显示\屏幕按键显示\ButtonMain.cpp(448,31): warning C4244: “参数”: 从“double”转换到“int”，可能丢失数据
C:\Users\15280\source\repos\屏幕按键显示\屏幕按键显示\ButtonMain.cpp(450,46): warning C4838: 从“double”转换到“LONG”需要收缩转换
C:\Users\15280\source\repos\屏幕按键显示\屏幕按键显示\ButtonMain.cpp(450,46): warning C4244: “初始化”: 从“double”转换到“LONG”，可能丢失数据
C:\Users\15280\source\repos\屏幕按键显示\屏幕按键显示\ButtonMain.cpp(450,86): warning C4838: 从“double”转换到“LONG”需要收缩转换
C:\Users\15280\source\repos\屏幕按键显示\屏幕按键显示\ButtonMain.cpp(450,86): warning C4244: “初始化”: 从“double”转换到“LONG”，可能丢失数据
C:\Users\15280\source\repos\屏幕按键显示\屏幕按键显示\ButtonMain.cpp(450,114): warning C4838: 从“double”转换到“LONG”需要收缩转换
C:\Users\15280\source\repos\屏幕按键显示\屏幕按键显示\ButtonMain.cpp(450,114): warning C4244: “初始化”: 从“double”转换到“LONG”，可能丢失数据
C:\Users\15280\source\repos\屏幕按键显示\屏幕按键显示\ButtonMain.cpp(450,154): warning C4838: 从“double”转换到“LONG”需要收缩转换
C:\Users\15280\source\repos\屏幕按键显示\屏幕按键显示\ButtonMain.cpp(450,154): warning C4244: “初始化”: 从“double”转换到“LONG”，可能丢失数据
C:\Users\15280\source\repos\屏幕按键显示\屏幕按键显示\ButtonMain.cpp(456,127): warning C4244: “参数”: 从“double”转换到“int”，可能丢失数据
C:\Users\15280\source\repos\屏幕按键显示\屏幕按键显示\ButtonMain.cpp(456,93): warning C4244: “参数”: 从“double”转换到“int”，可能丢失数据
C:\Users\15280\source\repos\屏幕按键显示\屏幕按键显示\ButtonMain.cpp(456,65): warning C4244: “参数”: 从“double”转换到“int”，可能丢失数据
C:\Users\15280\source\repos\屏幕按键显示\屏幕按键显示\ButtonMain.cpp(456,31): warning C4244: “参数”: 从“double”转换到“int”，可能丢失数据
C:\Users\15280\source\repos\屏幕按键显示\屏幕按键显示\ButtonMain.cpp(458,46): warning C4838: 从“double”转换到“LONG”需要收缩转换
C:\Users\15280\source\repos\屏幕按键显示\屏幕按键显示\ButtonMain.cpp(458,46): warning C4244: “初始化”: 从“double”转换到“LONG”，可能丢失数据
C:\Users\15280\source\repos\屏幕按键显示\屏幕按键显示\ButtonMain.cpp(458,86): warning C4838: 从“double”转换到“LONG”需要收缩转换
C:\Users\15280\source\repos\屏幕按键显示\屏幕按键显示\ButtonMain.cpp(458,86): warning C4244: “初始化”: 从“double”转换到“LONG”，可能丢失数据
C:\Users\15280\source\repos\屏幕按键显示\屏幕按键显示\ButtonMain.cpp(458,114): warning C4838: 从“double”转换到“LONG”需要收缩转换
C:\Users\15280\source\repos\屏幕按键显示\屏幕按键显示\ButtonMain.cpp(458,114): warning C4244: “初始化”: 从“double”转换到“LONG”，可能丢失数据
C:\Users\15280\source\repos\屏幕按键显示\屏幕按键显示\ButtonMain.cpp(458,154): warning C4838: 从“double”转换到“LONG”需要收缩转换
C:\Users\15280\source\repos\屏幕按键显示\屏幕按键显示\ButtonMain.cpp(458,154): warning C4244: “初始化”: 从“double”转换到“LONG”，可能丢失数据
C:\Users\15280\source\repos\屏幕按键显示\屏幕按键显示\ButtonMain.cpp(465,103): warning C4244: “参数”: 从“double”转换到“int”，可能丢失数据
C:\Users\15280\source\repos\屏幕按键显示\屏幕按键显示\ButtonMain.cpp(465,68): warning C4244: “参数”: 从“double”转换到“int”，可能丢失数据
C:\Users\15280\source\repos\屏幕按键显示\屏幕按键显示\ButtonMain.cpp(465,53): warning C4244: “参数”: 从“double”转换到“int”，可能丢失数据
C:\Users\15280\source\repos\屏幕按键显示\屏幕按键显示\ButtonMain.cpp(465,18): warning C4244: “参数”: 从“double”转换到“int”，可能丢失数据
C:\Users\15280\source\repos\屏幕按键显示\屏幕按键显示\ButtonMain.cpp(466,113): warning C4244: “参数”: 从“double”转换到“int”，可能丢失数据
C:\Users\15280\source\repos\屏幕按键显示\屏幕按键显示\ButtonMain.cpp(466,86): warning C4244: “参数”: 从“double”转换到“int”，可能丢失数据
C:\Users\15280\source\repos\屏幕按键显示\屏幕按键显示\ButtonMain.cpp(466,58): warning C4244: “参数”: 从“double”转换到“int”，可能丢失数据
C:\Users\15280\source\repos\屏幕按键显示\屏幕按键显示\ButtonMain.cpp(466,31): warning C4244: “参数”: 从“double”转换到“int”，可能丢失数据
C:\Users\15280\source\repos\屏幕按键显示\屏幕按键显示\ButtonMain.cpp(475,42): warning C4244: “参数”: 从“double”转换到“int”，可能丢失数据
C:\Users\15280\source\repos\屏幕按键显示\屏幕按键显示\ButtonMain.cpp(475,20): warning C4244: “参数”: 从“double”转换到“int”，可能丢失数据
C:\Users\15280\source\repos\屏幕按键显示\屏幕按键显示\ButtonMain.cpp(476,42): warning C4244: “参数”: 从“double”转换到“int”，可能丢失数据
C:\Users\15280\source\repos\屏幕按键显示\屏幕按键显示\ButtonMain.cpp(476,20): warning C4244: “参数”: 从“double”转换到“int”，可能丢失数据
C:\Users\15280\source\repos\屏幕按键显示\屏幕按键显示\ButtonMain.cpp(485,84): warning C4244: “参数”: 从“double”转换到“int”，可能丢失数据
C:\Users\15280\source\repos\屏幕按键显示\屏幕按键显示\ButtonMain.cpp(485,62): warning C4244: “参数”: 从“double”转换到“int”，可能丢失数据
C:\Users\15280\source\repos\屏幕按键显示\屏幕按键显示\ButtonMain.cpp(485,40): warning C4244: “参数”: 从“double”转换到“int”，可能丢失数据
C:\Users\15280\source\repos\屏幕按键显示\屏幕按键显示\ButtonMain.cpp(485,18): warning C4244: “参数”: 从“double”转换到“int”，可能丢失数据
C:\Users\15280\source\repos\屏幕按键显示\屏幕按键显示\ButtonMain.cpp(488,138): warning C4244: “参数”: 从“double”转换到“int”，可能丢失数据
C:\Users\15280\source\repos\屏幕按键显示\屏幕按键显示\ButtonMain.cpp(488,111): warning C4244: “参数”: 从“double”转换到“int”，可能丢失数据
C:\Users\15280\source\repos\屏幕按键显示\屏幕按键显示\ButtonMain.cpp(488,59): warning C4244: “参数”: 从“double”转换到“int”，可能丢失数据
C:\Users\15280\source\repos\屏幕按键显示\屏幕按键显示\ButtonMain.cpp(488,32): warning C4244: “参数”: 从“double”转换到“int”，可能丢失数据
  正在生成代码
  Previous IPDB not found, fall back to full compilation.
  All 31 functions were compiled because no usable IPDB/IOBJ from previous compilation was found.
  已完成代码的生成
  屏幕按键显示.vcxproj -> C:\Users\15280\source\repos\屏幕按键显示\Release\屏幕按键显示.exe
